Performing C SOURCE FILE Test CMAKE_HAVE_LIBC_PTHREAD failed with the following output:
Change Dir: /home/pino/polycube/cmake-build-debug/CMakeFiles/CMakeTmp

Run Build Command(s):/usr/bin/make cmTC_284c4/fast && /usr/bin/make -f CMakeFiles/cmTC_284c4.dir/build.make CMakeFiles/cmTC_284c4.dir/build
make[1]: ingresso nella directory "/home/pino/polycube/cmake-build-debug/CMakeFiles/CMakeTmp"
Building C object CMakeFiles/cmTC_284c4.dir/src.c.o
/usr/bin/cc   -DCMAKE_HAVE_LIBC_PTHREAD   -o CMakeFiles/cmTC_284c4.dir/src.c.o   -c /home/pino/polycube/cmake-build-debug/CMakeFiles/CMakeTmp/src.c
Linking C executable cmTC_284c4
/opt/clion-2019.2.4/bin/cmake/linux/bin/cmake -E cmake_link_script CMakeFiles/cmTC_284c4.dir/link.txt --verbose=1
/usr/bin/cc  -DCMAKE_HAVE_LIBC_PTHREAD    -rdynamic CMakeFiles/cmTC_284c4.dir/src.c.o  -o cmTC_284c4 
CMakeFiles/cmTC_284c4.dir/src.c.o: nella funzione "main":
src.c:(.text+0x3e): riferimento non definito a "pthread_create"
src.c:(.text+0x4a): riferimento non definito a "pthread_detach"
src.c:(.text+0x5b): riferimento non definito a "pthread_join"
src.c:(.text+0x6f): riferimento non definito a "pthread_atfork"
collect2: error: ld returned 1 exit status
CMakeFiles/cmTC_284c4.dir/build.make:86: recipe for target 'cmTC_284c4' failed
make[1]: *** [cmTC_284c4] Error 1
make[1]: uscita dalla directory "/home/pino/polycube/cmake-build-debug/CMakeFiles/CMakeTmp"
Makefile:121: recipe for target 'cmTC_284c4/fast' failed
make: *** [cmTC_284c4/fast] Error 2


Source file was:
#include <pthread.h>

void* test_func(void* data)
{
  return data;
}

int main(void)
{
  pthread_t thread;
  pthread_create(&thread, NULL, test_func, NULL);
  pthread_detach(thread);
  pthread_join(thread, NULL);
  pthread_atfork(NULL, NULL, NULL);
  pthread_exit(NULL);

  return 0;
}

Determining if the function pthread_create exists in the pthreads failed with the following output:
Change Dir: /home/pino/polycube/cmake-build-debug/CMakeFiles/CMakeTmp

Run Build Command(s):/usr/bin/make cmTC_f9601/fast && /usr/bin/make -f CMakeFiles/cmTC_f9601.dir/build.make CMakeFiles/cmTC_f9601.dir/build
make[1]: ingresso nella directory "/home/pino/polycube/cmake-build-debug/CMakeFiles/CMakeTmp"
Building C object CMakeFiles/cmTC_f9601.dir/CheckFunctionExists.c.o
/usr/bin/cc   -DCHECK_FUNCTION_EXISTS=pthread_create   -o CMakeFiles/cmTC_f9601.dir/CheckFunctionExists.c.o   -c /opt/clion-2019.2.4/bin/cmake/linux/share/cmake-3.15/Modules/CheckFunctionExists.c
Linking C executable cmTC_f9601
/opt/clion-2019.2.4/bin/cmake/linux/bin/cmake -E cmake_link_script CMakeFiles/cmTC_f9601.dir/link.txt --verbose=1
/usr/bin/cc  -DCHECK_FUNCTION_EXISTS=pthread_create    -rdynamic CMakeFiles/cmTC_f9601.dir/CheckFunctionExists.c.o  -o cmTC_f9601 -lpthreads 
/usr/bin/ld: impossibile trovare -lpthreads
collect2: error: ld returned 1 exit status
CMakeFiles/cmTC_f9601.dir/build.make:86: recipe for target 'cmTC_f9601' failed
make[1]: *** [cmTC_f9601] Error 1
make[1]: uscita dalla directory "/home/pino/polycube/cmake-build-debug/CMakeFiles/CMakeTmp"
Makefile:121: recipe for target 'cmTC_f9601/fast' failed
make: *** [cmTC_f9601/fast] Error 2



